[debug] [2024-04-03T12:06:03.695Z] ----------------------------------------------------------------------
[debug] [2024-04-03T12:06:03.697Z] Command:       C:\Program Files\nodejs\node.exe C:\Users\MUZAMIL\AppData\Roaming\npm\node_modules\firebase-tools\lib\bin\firebase.js init
[debug] [2024-04-03T12:06:03.698Z] CLI Version:   13.6.0
[debug] [2024-04-03T12:06:03.698Z] Platform:      win32
[debug] [2024-04-03T12:06:03.698Z] Node Version:  v18.13.0
[debug] [2024-04-03T12:06:03.702Z] Time:          Wed Apr 03 2024 17:36:03 GMT+0530 (India Standard Time)
[debug] [2024-04-03T12:06:03.703Z] ----------------------------------------------------------------------
[debug] 
[debug] [2024-04-03T12:06:03.774Z] > command requires scopes: ["email","openid","https://www.googleapis.com/auth/cloudplatformprojects.readonly","https://www.googleapis.com/auth/firebase","https://www.googleapis.com/auth/cloud-platform"]
[debug] [2024-04-03T12:06:03.775Z] > authorizing via signed-in user (muzamilmig@gmail.com)
[info] 
     ######## #### ########  ######## ########     ###     ######  ########
     ##        ##  ##     ## ##       ##     ##  ##   ##  ##       ##
     ######    ##  ########  ######   ########  #########  ######  ######
     ##        ##  ##    ##  ##       ##     ## ##     ##       ## ##
     ##       #### ##     ## ######## ########  ##     ##  ######  ########

You're about to initialize a Firebase project in this directory:

  C:\Users\MUZAMIL\my-react-app

Before we get started, keep in mind:

  * You are initializing within an existing Firebase project directory

[info] 
=== Project Setup
[info] 
[info] First, let's associate this project directory with a Firebase project.
[info] You can create multiple project aliases by running firebase use --add, 
[info] but for now we'll just set up a default project.
[info] 
[debug] [2024-04-03T12:06:11.794Z] Using project from CLI flag: fir-and-react-b5018
[debug] [2024-04-03T12:06:11.802Z] > refreshing access token with scopes: []
[debug] [2024-04-03T12:06:11.803Z] >>> [apiv2][query] POST https://www.googleapis.com/oauth2/v3/token [none]
[debug] [2024-04-03T12:06:11.804Z] >>> [apiv2][body] POST https://www.googleapis.com/oauth2/v3/token [omitted]
[debug] [2024-04-03T12:06:12.170Z] <<< [apiv2][status] POST https://www.googleapis.com/oauth2/v3/token 200
[debug] [2024-04-03T12:06:12.170Z] <<< [apiv2][body] POST https://www.googleapis.com/oauth2/v3/token [omitted]
[debug] [2024-04-03T12:06:12.177Z] >>> [apiv2][query] GET https://firebase.googleapis.com/v1beta1/projects/fir-and-react-b5018 [none]
[debug] [2024-04-03T12:06:12.830Z] <<< [apiv2][status] GET https://firebase.googleapis.com/v1beta1/projects/fir-and-react-b5018 200
[debug] [2024-04-03T12:06:12.830Z] <<< [apiv2][body] GET https://firebase.googleapis.com/v1beta1/projects/fir-and-react-b5018 {"projectId":"fir-and-react-b5018","projectNumber":"581833998124","displayName":"firebaseand react","name":"projects/fir-and-react-b5018","resources":{"hostingSite":"fir-and-react-b5018","realtimeDatabaseInstance":"fir-and-react-b5018-default-rtdb","storageBucket":"fir-and-react-b5018.appspot.com","locationId":"us-central"},"state":"ACTIVE","etag":"1_8510a894-5d43-480d-a804-566e3f84156f"}
[info] i  Using project fir-and-react-b5018 (firebaseand react) 
[info] 
=== Functions Setup
[debug] [2024-04-03T12:06:12.840Z] > command requires scopes: ["email","openid","https://www.googleapis.com/auth/cloudplatformprojects.readonly","https://www.googleapis.com/auth/firebase","https://www.googleapis.com/auth/cloud-platform"]
[debug] [2024-04-03T12:06:12.840Z] > authorizing via signed-in user (muzamilmig@gmail.com)
[debug] [2024-04-03T12:06:12.840Z] [iam] checking project fir-and-react-b5018 for permissions ["firebase.projects.get"]
[debug] [2024-04-03T12:06:12.841Z] >>> [apiv2][query] POST https://cloudresourcemanager.googleapis.com/v1/projects/fir-and-react-b5018:testIamPermissions [none]
[debug] [2024-04-03T12:06:12.841Z] >>> [apiv2][(partial)header] POST https://cloudresourcemanager.googleapis.com/v1/projects/fir-and-react-b5018:testIamPermissions x-goog-quota-user=projects/fir-and-react-b5018
[debug] [2024-04-03T12:06:12.841Z] >>> [apiv2][body] POST https://cloudresourcemanager.googleapis.com/v1/projects/fir-and-react-b5018:testIamPermissions {"permissions":["firebase.projects.get"]}
[debug] [2024-04-03T12:06:14.753Z] <<< [apiv2][status] POST https://cloudresourcemanager.googleapis.com/v1/projects/fir-and-react-b5018:testIamPermissions 200
[debug] [2024-04-03T12:06:14.753Z] <<< [apiv2][body] POST https://cloudresourcemanager.googleapis.com/v1/projects/fir-and-react-b5018:testIamPermissions {"permissions":["firebase.projects.get"]}
[debug] [2024-04-03T12:06:14.755Z] >>> [apiv2][query] GET https://serviceusage.googleapis.com/v1/projects/fir-and-react-b5018/services/cloudfunctions.googleapis.com [none]
[debug] [2024-04-03T12:06:14.755Z] >>> [apiv2][(partial)header] GET https://serviceusage.googleapis.com/v1/projects/fir-and-react-b5018/services/cloudfunctions.googleapis.com x-goog-quota-user=projects/fir-and-react-b5018
[debug] [2024-04-03T12:06:14.757Z] >>> [apiv2][query] GET https://serviceusage.googleapis.com/v1/projects/fir-and-react-b5018/services/runtimeconfig.googleapis.com [none]
[debug] [2024-04-03T12:06:14.757Z] >>> [apiv2][(partial)header] GET https://serviceusage.googleapis.com/v1/projects/fir-and-react-b5018/services/runtimeconfig.googleapis.com x-goog-quota-user=projects/fir-and-react-b5018
[debug] [2024-04-03T12:06:16.924Z] <<< [apiv2][status] GET https://serviceusage.googleapis.com/v1/projects/fir-and-react-b5018/services/runtimeconfig.googleapis.com 200
[debug] [2024-04-03T12:06:16.924Z] <<< [apiv2][body] GET https://serviceusage.googleapis.com/v1/projects/fir-and-react-b5018/services/runtimeconfig.googleapis.com [omitted]
[debug] [2024-04-03T12:06:16.925Z] <<< [apiv2][status] GET https://serviceusage.googleapis.com/v1/projects/fir-and-react-b5018/services/cloudfunctions.googleapis.com 200
[debug] [2024-04-03T12:06:16.926Z] <<< [apiv2][body] GET https://serviceusage.googleapis.com/v1/projects/fir-and-react-b5018/services/cloudfunctions.googleapis.com [omitted]
[info] Let's create a new codebase for your functions.
[info] A directory corresponding to the codebase will be created in your project
[info] with sample code pre-configured.

[info] See https://firebase.google.com/docs/functions/organize-functions for
[info] more information on organizing your functions using codebases.

[info] Functions can be deployed with firebase deploy.

